INFO main com.webserver.java.MultiThreadedWebServer - Server Started on port - 8080
INFO main com.webserver.java.MultiThreadedWebServer - Client request accepted...
INFO Thread-1 com.webserver.java.ClientHandler - GET /index.html HTTP/1.1 from /0:0:0:0:0:0:0:1:60239
INFO main com.webserver.java.MultiThreadedWebServer - Client request accepted...
INFO main com.webserver.java.MultiThreadedWebServer - Client request accepted...
ERROR Thread-2 com.webserver.java.ClientHandler - Connection closed by client
INFO main com.webserver.java.MultiThreadedWebServer - Client request accepted...
ERROR Thread-3 com.webserver.java.ClientHandler - Connection closed by client
INFO main com.webserver.java.MultiThreadedWebServer - Client request accepted...
INFO Thread-4 com.webserver.java.ClientHandler - GET /index.html HTTP/1.1 from /0:0:0:0:0:0:0:1:60249
ERROR Thread-5 com.webserver.java.ClientHandler - Connection closed by client
INFO main com.webserver.java.MultiThreadedWebServer - Server Started on port - 8080
INFO main com.webserver.java.MultiThreadedWebServer - Client request accepted...
INFO main com.webserver.java.MultiThreadedWebServer - Client request accepted...
INFO Thread-1 com.webserver.java.ClientHandler - GET /index.html HTTP/1.1 from /0:0:0:0:0:0:0:1:60259
ERROR Thread-2 com.webserver.java.ClientHandler - Connection closed by client
INFO main com.webserver.java.MultiThreadedWebServer - Client request accepted...
INFO main com.webserver.java.MultiThreadedWebServer - Client request accepted...
INFO Thread-3 com.webserver.java.ClientHandler - GET /index.html HTTP/1.1 from /0:0:0:0:0:0:0:1:60265
ERROR main com.webserver.java.MultiThreadedWebServer - Error Occured While Starting Web Server 
java.net.BindException: Address already in use: JVM_Bind
	at java.net.DualStackPlainSocketImpl.bind0(Native Method)
	at java.net.DualStackPlainSocketImpl.socketBind(Unknown Source)
	at java.net.AbstractPlainSocketImpl.bind(Unknown Source)
	at java.net.PlainSocketImpl.bind(Unknown Source)
	at java.net.ServerSocket.bind(Unknown Source)
	at java.net.ServerSocket.<init>(Unknown Source)
	at java.net.ServerSocket.<init>(Unknown Source)
	at com.webserver.java.MultiThreadedWebServer.start(MultiThreadedWebServer.java:45)
	at com.webserver.java.MultiThreadedWebServer.main(MultiThreadedWebServer.java:22)
INFO main com.webserver.java.MultiThreadedWebServer - Server Started on port - 8080
INFO main com.webserver.java.MultiThreadedWebServer - Client request accepted...
INFO main com.webserver.java.MultiThreadedWebServer - Client request accepted...
INFO Thread-1 com.webserver.java.ClientHandler - GET /index.html HTTP/1.1 from /0:0:0:0:0:0:0:1:60270
INFO main com.webserver.java.MultiThreadedWebServer - Client request accepted...
INFO Thread-2 com.webserver.java.ClientHandler - GET /index.html HTTP/1.1 from /0:0:0:0:0:0:0:1:60271
INFO main com.webserver.java.MultiThreadedWebServer - Client request accepted...
ERROR Thread-3 com.webserver.java.ClientHandler - Connection closed by client
ERROR Thread-4 com.webserver.java.ClientHandler - Connection closed by client
INFO main com.webserver.java.MultiThreadedWebServer - Client request accepted...
INFO main com.webserver.java.MultiThreadedWebServer - Client request accepted...
INFO Thread-5 com.webserver.java.ClientHandler - GET /index.html HTTP/1.1 from /0:0:0:0:0:0:0:1:60277
INFO main com.webserver.java.MultiThreadedWebServer - Client request accepted...
INFO main com.webserver.java.MultiThreadedWebServer - Server Started on port - 8080
INFO main com.webserver.java.MultiThreadedWebServer - Client request accepted...
INFO main com.webserver.java.MultiThreadedWebServer - Client request accepted...
INFO Thread-1 com.webserver.java.ClientHandler - GET /index.html HTTP/1.1 from /0:0:0:0:0:0:0:1:60284
INFO main com.webserver.java.MultiThreadedWebServer - Client request accepted...
ERROR Thread-2 com.webserver.java.ClientHandler - Connection closed by client
INFO main com.webserver.java.MultiThreadedWebServer - Client request accepted...
INFO Thread-3 com.webserver.java.ClientHandler - GET /index.html HTTP/1.1 from /0:0:0:0:0:0:0:1:60286
INFO main com.webserver.java.MultiThreadedWebServer - Client request accepted...
ERROR Thread-4 com.webserver.java.ClientHandler - Connection closed by client
ERROR Thread-5 com.webserver.java.ClientHandler - Connection closed by client
INFO main com.webserver.java.MultiThreadedWebServer - Client request accepted...
INFO main com.webserver.java.MultiThreadedWebServer - Client request accepted...
INFO Thread-6 com.webserver.java.ClientHandler - GET /index.html HTTP/1.1 from /0:0:0:0:0:0:0:1:60295
INFO main com.webserver.java.MultiThreadedWebServer - Client request accepted...
INFO main com.webserver.java.MultiThreadedWebServer - Server Started on port - 8080
INFO main com.webserver.java.MultiThreadedWebServer - Client request accepted...
INFO main com.webserver.java.MultiThreadedWebServer - Client request accepted...
INFO Thread-1 com.webserver.java.ClientHandler - GET /index.html HTTP/1.1 from /0:0:0:0:0:0:0:1:60301
INFO main com.webserver.java.MultiThreadedWebServer - Client request accepted...
INFO Thread-2 com.webserver.java.ClientHandler - GET /index.html HTTP/1.1 from /0:0:0:0:0:0:0:1:60302
INFO main com.webserver.java.MultiThreadedWebServer - Client request accepted...
INFO Thread-3 com.webserver.java.ClientHandler - GET /index.html HTTP/1.1 from /0:0:0:0:0:0:0:1:60303
INFO main com.webserver.java.MultiThreadedWebServer - Client request accepted...
INFO Thread-4 com.webserver.java.ClientHandler - GET /index.html HTTP/1.1 from /0:0:0:0:0:0:0:1:60304
INFO main com.webserver.java.MultiThreadedWebServer - Client request accepted...
ERROR Thread-5 com.webserver.java.ClientHandler - Connection closed by client
ERROR Thread-6 com.webserver.java.ClientHandler - Connection closed by client
INFO main com.webserver.java.MultiThreadedWebServer - Client request accepted...
INFO main com.webserver.java.MultiThreadedWebServer - Client request accepted...
INFO Thread-7 com.webserver.java.ClientHandler - GET /index.html HTTP/1.1 from /0:0:0:0:0:0:0:1:60315
INFO main com.webserver.java.MultiThreadedWebServer - Client request accepted...
ERROR Thread-8 com.webserver.java.ClientHandler - Connection closed by client
ERROR Thread-9 com.webserver.java.ClientHandler - Connection closed by client
INFO main com.webserver.java.MultiThreadedWebServer - Client request accepted...
INFO main com.webserver.java.MultiThreadedWebServer - Client request accepted...
INFO Thread-10 com.webserver.java.ClientHandler - GET /index.html HTTP/1.1 from /0:0:0:0:0:0:0:1:60321
INFO main com.webserver.java.MultiThreadedWebServer - Client request accepted...
ERROR Thread-11 com.webserver.java.ClientHandler - Connection closed by client
ERROR Thread-12 com.webserver.java.ClientHandler - Connection closed by client
INFO main com.webserver.java.MultiThreadedWebServer - Client request accepted...
INFO main com.webserver.java.MultiThreadedWebServer - Client request accepted...
INFO Thread-13 com.webserver.java.ClientHandler - GET /index.html HTTP/1.1 from /0:0:0:0:0:0:0:1:60327
INFO main com.webserver.java.MultiThreadedWebServer - Client request accepted...
INFO main com.webserver.java.MultiThreadedWebServer - Server Started on port - 8080
INFO main com.webserver.java.MultiThreadedWebServer - Client request accepted...
INFO main com.webserver.java.MultiThreadedWebServer - Client request accepted...
INFO Thread-1 com.webserver.java.ClientHandler - GET /index.html HTTP/1.1 from /0:0:0:0:0:0:0:1:60706
INFO Thread-2 com.webserver.java.ClientHandler - Connection closed by client
INFO main com.webserver.java.MultiThreadedWebServer - Client request accepted...
INFO main com.webserver.java.MultiThreadedWebServer - Client request accepted...
INFO Thread-3 com.webserver.java.ClientHandler - GET /index.html HTTP/1.1 from /0:0:0:0:0:0:0:1:60708
INFO main com.webserver.java.MultiThreadedWebServer - Client request accepted...
INFO Thread-4 com.webserver.java.ClientHandler - GET /index.html HTTP/1.1 from /0:0:0:0:0:0:0:1:60709
INFO Thread-5 com.webserver.java.ClientHandler - Connection closed by client
INFO main com.webserver.java.MultiThreadedWebServer - Client request accepted...
INFO main com.webserver.java.MultiThreadedWebServer - Client request accepted...
INFO Thread-6 com.webserver.java.ClientHandler - GET /index.html HTTP/1.1 from /0:0:0:0:0:0:0:1:60717
INFO main com.webserver.java.MultiThreadedWebServer - Client request accepted...
INFO main com.webserver.java.MultiThreadedWebServer - Server Started on port - 8080
INFO main com.webserver.java.MultiThreadedWebServer - Client request accepted...
INFO main com.webserver.java.MultiThreadedWebServer - Client request accepted...
INFO Thread-1 com.webserver.java.ClientHandler - GET /index.html HTTP/1.1 from /0:0:0:0:0:0:0:1:60735
INFO main com.webserver.java.MultiThreadedWebServer - Client request accepted...
INFO Thread-2 com.webserver.java.ClientHandler - Connection closed by client
INFO main com.webserver.java.MultiThreadedWebServer - Client request accepted...
INFO Thread-3 com.webserver.java.ClientHandler - Connection closed by client
INFO main com.webserver.java.MultiThreadedWebServer - Client request accepted...
INFO Thread-4 com.webserver.java.ClientHandler - GET /index.html HTTP/1.1 from /0:0:0:0:0:0:0:1:60738
INFO Thread-5 com.webserver.java.ClientHandler - Connection closed by client
INFO main com.webserver.java.MultiThreadedWebServer - Client request accepted...
INFO main com.webserver.java.MultiThreadedWebServer - Client request accepted...
INFO Thread-6 com.webserver.java.ClientHandler - GET /index.html HTTP/1.1 from /0:0:0:0:0:0:0:1:60740
INFO main com.webserver.java.MultiThreadedWebServer - Server Started on port - 8080
INFO main com.webserver.java.MultiThreadedWebServer - Client request accepted...
INFO main com.webserver.java.MultiThreadedWebServer - Client request accepted...
INFO Thread-1 com.webserver.java.ClientHandler - GET /index.html HTTP/1.1 from /0:0:0:0:0:0:0:1:60833
INFO Thread-2 com.webserver.java.ClientHandler - Connection closed by client
INFO main com.webserver.java.MultiThreadedWebServer - Client request accepted...
INFO main com.webserver.java.MultiThreadedWebServer - Client request accepted...
INFO Thread-3 com.webserver.java.ClientHandler - GET /index.html HTTP/1.1 from /0:0:0:0:0:0:0:1:60838
INFO Thread-4 com.webserver.java.ClientHandler - Connection closed by client
INFO main com.webserver.java.MultiThreadedWebServer - Client request accepted...
INFO main com.webserver.java.MultiThreadedWebServer - Client request accepted...
INFO Thread-5 com.webserver.java.ClientHandler - GET /index.html HTTP/1.1 from /0:0:0:0:0:0:0:1:60840
INFO Thread-6 com.webserver.java.ClientHandler - Connection closed by client
INFO main com.webserver.java.MultiThreadedWebServer - Client request accepted...
INFO main com.webserver.java.MultiThreadedWebServer - Client request accepted...
INFO Thread-7 com.webserver.java.ClientHandler - GET /index.html HTTP/1.1 from /0:0:0:0:0:0:0:1:60845
INFO main com.webserver.java.MultiThreadedWebServer - Client request accepted...
INFO Thread-8 com.webserver.java.ClientHandler - GET /index.html HTTP/1.1 from /0:0:0:0:0:0:0:1:60846
INFO Thread-9 com.webserver.java.ClientHandler - Connection closed by client
INFO main com.webserver.java.MultiThreadedWebServer - Client request accepted...
INFO main com.webserver.java.MultiThreadedWebServer - Client request accepted...
INFO Thread-10 com.webserver.java.ClientHandler - GET /index.html HTTP/1.1 from /0:0:0:0:0:0:0:1:60849
INFO Thread-11 com.webserver.java.ClientHandler - Connection closed by client
INFO main com.webserver.java.MultiThreadedWebServer - Client request accepted...
INFO main com.webserver.java.MultiThreadedWebServer - Client request accepted...
INFO Thread-12 com.webserver.java.ClientHandler - GET /index.html HTTP/1.1 from /0:0:0:0:0:0:0:1:60852
INFO main com.webserver.java.MultiThreadedWebServer - Server Started on port - 8080
INFO main com.webserver.java.MultiThreadedWebServer - Client request accepted...
INFO main com.webserver.java.MultiThreadedWebServer - Client request accepted...
INFO Thread-1 com.webserver.java.ClientHandler - GET /index.html HTTP/1.1 from /0:0:0:0:0:0:0:1:60968
INFO main com.webserver.java.MultiThreadedWebServer - Client request accepted...
INFO Thread-2 com.webserver.java.ClientHandler - Connection closed by client
INFO main com.webserver.java.MultiThreadedWebServer - Client request accepted...
INFO Thread-3 com.webserver.java.ClientHandler - Connection closed by client
INFO main com.webserver.java.MultiThreadedWebServer - Client request accepted...
INFO Thread-4 com.webserver.java.ClientHandler - GET /index.html HTTP/1.1 from /0:0:0:0:0:0:0:1:60971
INFO main com.webserver.java.MultiThreadedWebServer - Client request accepted...
INFO Thread-5 com.webserver.java.ClientHandler - Connection closed by client
INFO Thread-6 com.webserver.java.ClientHandler - Connection closed by client
INFO main com.webserver.java.MultiThreadedWebServer - Client request accepted...
INFO main com.webserver.java.MultiThreadedWebServer - Client request accepted...
INFO Thread-7 com.webserver.java.ClientHandler - GET /index.html HTTP/1.1 from /0:0:0:0:0:0:0:1:60974
